#
# There is insufficient memory for the Java Runtime Environment to continue.
# Native memory allocation (malloc) failed to allocate 35104 bytes for Chunk::new
# Possible reasons:
#   The system is out of physical RAM or swap space
#   In 32 bit mode, the process size limit was hit
# Possible solutions:
#   Reduce memory load on the system
#   Increase physical memory or swap space
#   Check if swap backing store is full
#   Use 64 bit Java on a 64 bit OS
#   Decrease Java heap size (-Xmx/-Xms)
#   Decrease number of Java threads
#   Decrease Java thread stack sizes (-Xss)
#   Set larger code cache with -XX:ReservedCodeCacheSize=
# This output file may be truncated or incomplete.
#
#  Out of Memory Error (allocation.cpp:390), pid=15152, tid=16504
#
# JRE version: Java(TM) SE Runtime Environment (8.0_60-b27) (build 1.8.0_60-b27)
# Java VM: Java HotSpot(TM) 64-Bit Server VM (25.60-b23 mixed mode windows-amd64 compressed oops)
# Failed to write core dump. Minidumps are not enabled by default on client versions of Windows
#

---------------  T H R E A D  ---------------

Current thread (0x0000000017928000):  JavaThread "C2 CompilerThread0" daemon [_thread_in_native, id=16504, stack(0x0000000017f00000,0x0000000018000000)]

Stack: [0x0000000017f00000,0x0000000018000000]
[error occurred during error reporting (printing stack bounds), id 0xc0000005]

Native frames: (J=compiled Java code, j=interpreted, Vv=VM code, C=native code)


Current CompileTask:
C2:   3775 1322       4       com.android.dx.ssa.LiteralOpUpgrader::tryReplacingWithConstant (161 bytes)


---------------  P R O C E S S  ---------------

Java Threads: ( => current thread )
  0x0000000017bd1000 JavaThread "pool-1-thread-4" [_thread_in_Java, id=14628, stack(0x0000000019100000,0x0000000019200000)]
  0x0000000017bdb000 JavaThread "pool-1-thread-3" [_thread_in_Java, id=8528, stack(0x0000000019000000,0x0000000019100000)]
  0x0000000017bce000 JavaThread "pool-1-thread-2" [_thread_in_Java, id=9960, stack(0x0000000018f00000,0x0000000019000000)]
  0x0000000017bf8800 JavaThread "pool-2-thread-1" [_thread_blocked, id=7444, stack(0x0000000018e00000,0x0000000018f00000)]
  0x0000000017bf5000 JavaThread "pool-1-thread-1" [_thread_in_Java, id=15016, stack(0x0000000018d00000,0x0000000018e00000)]
  0x00000000179c7800 JavaThread "Service Thread" daemon [_thread_blocked, id=17156, stack(0x0000000018300000,0x0000000018400000)]
  0x0000000017964800 JavaThread "C1 CompilerThread3" daemon [_thread_blocked, id=1140, stack(0x0000000018200000,0x0000000018300000)]
  0x0000000017933800 JavaThread "C2 CompilerThread2" daemon [_thread_in_native, id=17188, stack(0x0000000018100000,0x0000000018200000)]
  0x000000001792b800 JavaThread "C2 CompilerThread1" daemon [_thread_in_native, id=18972, stack(0x0000000018000000,0x0000000018100000)]
=>0x0000000017928000 JavaThread "C2 CompilerThread0" daemon [_thread_in_native, id=16504, stack(0x0000000017f00000,0x0000000018000000)]
  0x0000000017925000 JavaThread "Attach Listener" daemon [_thread_blocked, id=16404, stack(0x0000000017e00000,0x0000000017f00000)]
  0x000000001583e800 JavaThread "Signal Dispatcher" daemon [_thread_blocked, id=6656, stack(0x0000000017d00000,0x0000000017e00000)]
  0x0000000002d05000 JavaThread "Finalizer" daemon [_thread_blocked, id=6268, stack(0x0000000017700000,0x0000000017800000)]
  0x0000000002d04000 JavaThread "Reference Handler" daemon [_thread_blocked, id=10200, stack(0x0000000017600000,0x0000000017700000)]
  0x0000000002c0e000 JavaThread "main" [_thread_in_Java, id=17052, stack(0x0000000002a40000,0x0000000002b40000)]

Other Threads:
  0x0000000015829000 VMThread [stack: 0x0000000017500000,0x0000000017600000] [id=16560]
  0x00000000179dd000 WatcherThread [stack: 0x0000000018400000,0x0000000018500000] [id=6744]

VM state:not at safepoint (normal execution)

VM Mutex/Monitor currently owned by a thread: None

Heap:
 PSYoungGen      total 38400K, used 13461K [0x00000000eab00000, 0x00000000ed580000, 0x0000000100000000)
  eden space 33280K, 25% used [0x00000000eab00000,0x00000000eb329e78,0x00000000ecb80000)
  from space 5120K, 99% used [0x00000000ecb80000,0x00000000ed07b938,0x00000000ed080000)
  to   space 5120K, 0% used [0x00000000ed080000,0x00000000ed080000,0x00000000ed580000)
 ParOldGen       total 87552K, used 1400K [0x00000000c0000000, 0x00000000c5580000, 0x00000000eab00000)
  object space 87552K, 1% used [0x00000000c0000000,0x00000000c015e040,0x00000000c5580000)
 Metaspace       used 6046K, capacity 6960K, committed 7040K, reserved 1056768K
  class space    used 602K, capacity 616K, committed 640K, reserved 1048576K

Card table byte_map: [0x00000000120d0000,0x00000000122e0000] byte_map_base: 0x0000000011ad0000

Marking Bits: (ParMarkBitMap*) 0x00000000676ea5b0
 Begin Bits: [0x0000000012c40000, 0x0000000013c40000)
 End Bits:   [0x0000000013c40000, 0x0000000014c40000)

Polling page: 0x0000000002980000

CodeCache: size=245760Kb used=5171Kb max_used=5171Kb free=240588Kb
 bounds [0x0000000002d10000, 0x0000000003230000, 0x0000000011d10000]
 total_blobs=1584 nmethods=1315 adapters=182
 compilation: enabled

Compilation events (10 events):
Event: 3.750 Thread 0x0000000017964800 1325       3       java.util.HashMap$EntryIterator::next (5 bytes)
Event: 3.750 Thread 0x0000000017964800 nmethod 1325 0x0000000003210810 code [0x0000000003210980, 0x0000000003210c68]
Event: 3.751 Thread 0x0000000017964800 1326       3       com.android.dx.ssa.ConstCollector::updateConstUses (248 bytes)
Event: 3.757 Thread 0x0000000017964800 nmethod 1326 0x000000000321b550 code [0x000000000321b8c0, 0x000000000321d998]
Event: 3.759 Thread 0x0000000017964800 1328       3       com.android.dx.ssa.SCCP::<init> (142 bytes)
Event: 3.761 Thread 0x0000000017964800 nmethod 1328 0x000000000321ed10 code [0x000000000321ef80, 0x00000000032200a8]
Event: 3.763 Thread 0x0000000017964800 1329       3       com.android.dx.rop.code.Rops::opMoveParam (69 bytes)
Event: 3.765 Thread 0x0000000017964800 nmethod 1329 0x0000000003220990 code [0x0000000003220bc0, 0x0000000003221798]
Event: 3.766 Thread 0x0000000017964800 1330       3       com.android.dx.ssa.LocalVariableExtractor::doit (59 bytes)
Event: 3.767 Thread 0x0000000017964800 nmethod 1330 0x0000000003221d10 code [0x0000000003221ec0, 0x00000000032223e8]

GC Heap History (2 events):
Event: 3.100 GC heap before
{Heap before GC invocations=1 (full 0):
 PSYoungGen      total 38400K, used 33280K [0x00000000eab00000, 0x00000000ed580000, 0x0000000100000000)
  eden space 33280K, 100% used [0x00000000eab00000,0x00000000ecb80000,0x00000000ecb80000)
  from space 5120K, 0% used [0x00000000ed080000,0x00000000ed080000,0x00000000ed580000)
  to   space 5120K, 0% used [0x00000000ecb80000,0x00000000ecb80000,0x00000000ed080000)
 ParOldGen       total 87552K, used 0K [0x00000000c0000000, 0x00000000c5580000, 0x00000000eab00000)
  object space 87552K, 0% used [0x00000000c0000000,0x00000000c0000000,0x00000000c5580000)
 Metaspace       used 5940K, capacity 6832K, committed 7040K, reserved 1056768K
  class space    used 602K, capacity 616K, committed 640K, reserved 1048576K
Event: 3.187 GC heap after
Heap after GC invocations=1 (full 0):
 PSYoungGen      total 38400K, used 5102K [0x00000000eab00000, 0x00000000ed580000, 0x0000000100000000)
  eden space 33280K, 0% used [0x00000000eab00000,0x00000000eab00000,0x00000000ecb80000)
  from space 5120K, 99% used [0x00000000ecb80000,0x00000000ed07b938,0x00000000ed080000)
  to   space 5120K, 0% used [0x00000000ed080000,0x00000000ed080000,0x00000000ed580000)
 ParOldGen       total 87552K, used 1400K [0x00000000c0000000, 0x00000000c5580000, 0x00000000eab00000)
  object space 87552K, 1% used [0x00000000c0000000,0x00000000c015e040,0x00000000c5580000)
 Metaspace       used 5940K, capacity 6832K, committed 7040K, reserved 1056768K
  class space    used 602K, capacity 616K, committed 640K, reserved 1048576K
}

Deoptimization events (6 events):
Event: 2.292 Thread 0x0000000017bd1000 Uncommon trap: reason=unstable_if action=reinterpret pc=0x0000000002f2ce7c method=java.util.HashMap.getNode(ILjava/lang/Object;)Ljava/util/HashMap$Node; @ 62
Event: 2.296 Thread 0x0000000017bd1000 Uncommon trap: reason=bimorphic action=maybe_recompile pc=0x0000000002f6b4a4 method=java.util.HashMap.getNode(ILjava/lang/Object;)Ljava/util/HashMap$Node; @ 126
Event: 2.833 Thread 0x0000000017bf5000 Uncommon trap: reason=unstable_if action=reinterpret pc=0x000000000305c7ec method=com.android.dx.rop.code.RegisterSpecSet.put(Lcom/android/dx/rop/code/RegisterSpec;)V @ 77
Event: 2.834 Thread 0x0000000017bf5000 Uncommon trap: reason=unstable_if action=reinterpret pc=0x000000000309d4ec method=com.android.dx.rop.code.RegisterSpecSet.put(Lcom/android/dx/rop/code/RegisterSpec;)V @ 77
Event: 2.994 Thread 0x0000000017bd1000 Uncommon trap: reason=unstable_if action=reinterpret pc=0x00000000030251a0 method=com.android.dx.rop.code.RegisterSpec.equals(ILcom/android/dx/rop/type/TypeBearer;Lcom/android/dx/rop/code/LocalItem;)Z @ 42
Event: 3.225 Thread 0x0000000017bd1000 Uncommon trap: reason=unstable_if action=reinterpret pc=0x0000000002f6b468 method=java.util.HashMap.getNode(ILjava/lang/Object;)Ljava/util/HashMap$Node; @ 62

Internal exceptions (2 events):
Event: 0.111 Thread 0x0000000002c0e000 Exception <a 'java/lang/NoSuchMethodError': Method sun.misc.Unsafe.defineClass(Ljava/lang/String;[BII)Ljava/lang/Class; name or signature does not match> (0x00000000eab0d788) thrown at [C:\re\workspace\8-2-build-windows-amd64-cygwin\jdk8u60\4407\hotspot\srè™±<tº?
Event: 0.111 Thread 0x0000000002c0e000 Exception <a 'java/lang/NoSuchMethodError': Method sun.misc.Unsafe.prefetchRead(Ljava/lang/Object;J)V name or signature does not match> (0x00000000eab0da70) thrown at [C:\re\workspace\8-2-build-windows-amd64-cygwin\jdk8u60\4407\hotspot\src\share\vm\prims\j

Events (10 events):
Event: 2.875 loading class java/util/DualPivotQuicksort
Event: 2.875 loading class java/util/DualPivotQuicksort done
Event: 2.994 Thread 0x0000000017bd1000 Uncommon trap: trap_request=0xffffff65 fr.pc=0x00000000030251a0
Event: 2.994 Thread 0x0000000017bd1000 DEOPT PACKING pc=0x00000000030251a0 sp=0x00000000191fe980
Event: 2.994 Thread 0x0000000017bd1000 DEOPT UNPACKING pc=0x0000000002d5582a sp=0x00000000191fe908 mode 2
Event: 3.087 Executing VM operation: ParallelGCFailedAllocation
Event: 3.187 Executing VM operation: ParallelGCFailedAllocation done
Event: 3.225 Thread 0x0000000017bd1000 Uncommon trap: trap_request=0xffffff65 fr.pc=0x0000000002f6b468
Event: 3.225 Thread 0x0000000017bd1000 DEOPT PACKING pc=0x0000000002f6b468 sp=0x00000000191fea30
Event: 3.225 Thread 0x0000000017bd1000 DEOPT UNPACKING pc=0x0000000002d5582a sp=0x00000000191fe950 mode 2


Dynamic libraries:
0x00007ff73cb20000 - 0x00007ff73cb57000 	C:\Program Files\Java\jdk1.8.0_60\bin\java.exe
0x00007ff93b500000 - 0x00007ff93b6ac000 	C:\WINDOWS\SYSTEM32\ntdll.dll
0x00007ff939650000 - 0x00007ff93978e000 	C:\WINDOWS\system32\KERNEL32.DLL
0x00007ff937700000 - 0x00007ff937815000 	C:\WINDOWS\system32\KERNELBASE.dll
0x00007ff935ef0000 - 0x00007ff935f7e000 	C:\WINDOWS\system32\apphelp.dll
0x00007ff9286f0000 - 0x00007ff928743000 	C:\WINDOWS\AppPatch\AppPatch64\AcGenral.DLL
0x00007ff939bd0000 - 0x00007ff939c7a000 	C:\WINDOWS\system32\msvcrt.dll
0x00007ff937120000 - 0x00007ff93714e000 	C:\WINDOWS\SYSTEM32\SspiCli.dll
0x00007ff939060000 - 0x00007ff9390b4000 	C:\WINDOWS\system32\SHLWAPI.dll
0x00007ff937880000 - 0x00007ff9379f7000 	C:\WINDOWS\system32\USER32.dll
0x00007ff939450000 - 0x00007ff9395e4000 	C:\WINDOWS\system32\ole32.dll
0x00007ff937b10000 - 0x00007ff93903b000 	C:\WINDOWS\system32\SHELL32.dll
0x00007ff936b10000 - 0x00007ff936b31000 	C:\WINDOWS\SYSTEM32\USERENV.dll
0x00007ff939b20000 - 0x00007ff939bca000 	C:\WINDOWS\system32\ADVAPI32.dll
0x00007ff92a7e0000 - 0x00007ff92a7fe000 	C:\WINDOWS\SYSTEM32\MPR.dll
0x00007ff9397b0000 - 0x00007ff9398f1000 	C:\WINDOWS\system32\RPCRT4.dll
0x00007ff939ab0000 - 0x00007ff939b09000 	C:\WINDOWS\SYSTEM32\sechost.dll
0x00007ff9390c0000 - 0x00007ff9392d1000 	C:\WINDOWS\SYSTEM32\combase.dll
0x00007ff939c80000 - 0x00007ff939dd0000 	C:\WINDOWS\system32\GDI32.dll
0x00007ff937350000 - 0x00007ff937365000 	C:\WINDOWS\SYSTEM32\profapi.dll
0x00007ff9359a0000 - 0x00007ff935a52000 	C:\WINDOWS\SYSTEM32\SHCORE.dll
0x00007ff937a00000 - 0x00007ff937a36000 	C:\WINDOWS\system32\IMM32.DLL
0x00007ff9392f0000 - 0x00007ff939442000 	C:\WINDOWS\system32\MSCTF.dll
0x00007ff934fa0000 - 0x00007ff93521b000 	C:\WINDOWS\WinSxS\amd64_microsoft.windows.common-controls_6595b64144ccf1df_6.0.9600.18006_none_623f33d3ecbe86e8\COMCTL32.dll
0x00007ff92d160000 - 0x00007ff92d192000 	C:\Program Files (x86)\AVG\Av\avghooka.dll
0x0000000066a40000 - 0x0000000066b12000 	C:\Program Files\Java\jdk1.8.0_60\jre\bin\msvcr100.dll
0x0000000066ee0000 - 0x0000000067769000 	C:\Program Files\Java\jdk1.8.0_60\jre\bin\server\jvm.dll
0x00007ff933e20000 - 0x00007ff933e29000 	C:\WINDOWS\SYSTEM32\WSOCK32.dll
0x00007ff92dae0000 - 0x00007ff92db02000 	C:\WINDOWS\SYSTEM32\WINMM.dll
0x00007ff92f960000 - 0x00007ff92f96a000 	C:\WINDOWS\SYSTEM32\VERSION.dll
0x00007ff9392e0000 - 0x00007ff9392e7000 	C:\WINDOWS\system32\PSAPI.DLL
0x00007ff9395f0000 - 0x00007ff93964a000 	C:\WINDOWS\system32\WS2_32.dll
0x00007ff92dab0000 - 0x00007ff92dada000 	C:\WINDOWS\SYSTEM32\WINMMBASE.dll
0x00007ff939790000 - 0x00007ff939799000 	C:\WINDOWS\system32\NSI.dll
0x00007ff937600000 - 0x00007ff93764f000 	C:\WINDOWS\SYSTEM32\cfgmgr32.dll
0x00007ff936170000 - 0x00007ff936198000 	C:\WINDOWS\SYSTEM32\DEVOBJ.dll
0x0000000067e50000 - 0x0000000067e5f000 	C:\Program Files\Java\jdk1.8.0_60\jre\bin\verify.dll
0x0000000067e20000 - 0x0000000067e49000 	C:\Program Files\Java\jdk1.8.0_60\jre\bin\java.dll
0x0000000067e00000 - 0x0000000067e16000 	C:\Program Files\Java\jdk1.8.0_60\jre\bin\zip.dll

VM Arguments:
jvm_args: -Xmx1024M -Dfile.encoding=windows-1252 -Duser.country=ES -Duser.language=es -Duser.variant 
java_command: com.android.dx.command.Main --dex --num-threads=4 --output C:\Users\Antonio\Documents\GitHub\GreenSeed\app\build\intermediates\pre-dexed\debug\classes-3f187138559e280c182ff688d8cf132e9b65d9cf.jar C:\Users\Antonio\Documents\GitHub\GreenSeed\app\build\intermediates\exploded-aar\com.android.support\appcompat-v7\23.1.1\jars\classes.jar
java_class_path (initial): C:\Users\Antonio\AppData\Local\Android\sdk\build-tools\23.0.2\lib\dx.jar
Launcher Type: SUN_STANDARD

Environment Variables:
PATH=C:\ProgramData\Oracle\Java\javapath;C:\Program Files (x86)\Intel\iCLS Client\;C:\Program Files\Intel\iCLS Client\;C:\WINDOWS\system32;C:\WINDOWS;C:\WINDOWS\System32\Wbem;C:\WINDOWS\System32\WindowsPowerShell\v1.0\;C:\Program Files (x86)\Windows Live\Shared;C:\Program Files\Intel\Intel(R) Management Engine Components\DAL;C:\Program Files\Intel\Intel(R) Management Engine Components\IPT;C:\Program Files (x86)\Intel\Intel(R) Management Engine Components\DAL;C:\Program Files (x86)\Intel\Intel(R) Management Engine Components\IPT;C:\Program Files (x86)\Intel\OpenCL SDK\2.0\bin\x86;C:\Program Files (x86)\Intel\OpenCL SDK\2.0\bin\x64;C:\Program Files\Calibre2\;C:\Program Files\MATLAB\R2010a\runtime\win64;C:\Program Files\MATLAB\R2010a\bin;C:\Program Files (x86)\Windows Kits\8.1\Windows Performance Toolkit\;C:\Program Files\Microsoft SQL Server\110\Tools\Binn\;C:\Program Files\doxygen\bin;C:\Program Files (x86)\Skype\Phone\;C:\Program Files (x86)\Nmap
USERNAME=Alan
OS=Windows_NT
PROCESSOR_IDENTIFIER=Intel64 Family 6 Model 58 Stepping 9, GenuineIntel



---------------  S Y S T E M  ---------------

OS: Windows 8.1 , 64 bit Build 9600 (6.3.9600.17415)

CPU:total 8 (4 cores per cpu, 2 threads per core) family 6 model 58 stepping 9, cmov, cx8, fxsr, mmx, sse, sse2, sse3, ssse3, sse4.1, sse4.2, popcnt, avx, aes, clmul, erms, ht, tsc, tscinvbit, tscinv

Memory: 4k page, physical 8271400k(878284k free), swap 11417128k(5232k free)

vm_info: Java HotSpot(TM) 64-Bit Server VM (25.60-b23) for windows-amd64 JRE (1.8.0_60-b27), built on Aug  4 2015 11:06:27 by "java_re" with MS VC++ 10.0 (VS2010)

time: Tue Jan 26 00:42:19 2016
elapsed time: 3 seconds (0d 0h 0m 3s)

