#
# There is insufficient memory for the Java Runtime Environment to continue.
# Native memory allocation (malloc) failed to allocate 582496 bytes for Chunk::new
# Possible reasons:
#   The system is out of physical RAM or swap space
#   In 32 bit mode, the process size limit was hit
# Possible solutions:
#   Reduce memory load on the system
#   Increase physical memory or swap space
#   Check if swap backing store is full
#   Use 64 bit Java on a 64 bit OS
#   Decrease Java heap size (-Xmx/-Xms)
#   Decrease number of Java threads
#   Decrease Java thread stack sizes (-Xss)
#   Set larger code cache with -XX:ReservedCodeCacheSize=
# This output file may be truncated or incomplete.
#
#  Out of Memory Error (allocation.cpp:390), pid=16588, tid=13556
#
# JRE version: Java(TM) SE Runtime Environment (8.0_60-b27) (build 1.8.0_60-b27)
# Java VM: Java HotSpot(TM) 64-Bit Server VM (25.60-b23 mixed mode windows-amd64 compressed oops)
# Failed to write core dump. Minidumps are not enabled by default on client versions of Windows
#

---------------  T H R E A D  ---------------

Current thread (0x000000001741c800):  JavaThread "C2 CompilerThread1" daemon [_thread_in_native, id=13556, stack(0x0000000017af0000,0x0000000017bf0000)]

Stack: [0x0000000017af0000,0x0000000017bf0000]
[error occurred during error reporting (printing stack bounds), id 0xc0000005]

Native frames: (J=compiled Java code, j=interpreted, Vv=VM code, C=native code)


Current CompileTask:
C2:   1344 1052       4       com.android.dx.ssa.SCCP::simulateStmt (481 bytes)


---------------  P R O C E S S  ---------------

Java Threads: ( => current thread )
  0x0000000017655800 JavaThread "pool-1-thread-4" [_thread_blocked, id=11776, stack(0x00000000183f0000,0x00000000184f0000)]
  0x0000000017655000 JavaThread "pool-1-thread-3" [_thread_blocked, id=11664, stack(0x00000000182f0000,0x00000000183f0000)]
  0x0000000017640000 JavaThread "pool-1-thread-2" [_thread_blocked, id=8688, stack(0x00000000181f0000,0x00000000182f0000)]
  0x00000000175ae000 JavaThread "pool-2-thread-1" [_thread_blocked, id=15456, stack(0x00000000180f0000,0x00000000181f0000)]
  0x000000001763d000 JavaThread "pool-1-thread-1" [_thread_blocked, id=18472, stack(0x0000000017ff0000,0x00000000180f0000)]
  0x00000000174c0000 JavaThread "Service Thread" daemon [_thread_blocked, id=8712, stack(0x0000000017df0000,0x0000000017ef0000)]
  0x0000000017426000 JavaThread "C1 CompilerThread3" daemon [_thread_blocked, id=18096, stack(0x0000000017cf0000,0x0000000017df0000)]
  0x0000000017420800 JavaThread "C2 CompilerThread2" daemon [_thread_in_native, id=17220, stack(0x0000000017bf0000,0x0000000017cf0000)]
=>0x000000001741c800 JavaThread "C2 CompilerThread1" daemon [_thread_in_native, id=13556, stack(0x0000000017af0000,0x0000000017bf0000)]
  0x0000000017419000 JavaThread "C2 CompilerThread0" daemon [_thread_in_native, id=9572, stack(0x00000000179f0000,0x0000000017af0000)]
  0x0000000017416800 JavaThread "Attach Listener" daemon [_thread_blocked, id=14596, stack(0x00000000178f0000,0x00000000179f0000)]
  0x0000000017415000 JavaThread "Signal Dispatcher" daemon [_thread_blocked, id=16824, stack(0x00000000177f0000,0x00000000178f0000)]
  0x00000000027fa800 JavaThread "Finalizer" daemon [_thread_blocked, id=16992, stack(0x00000000171f0000,0x00000000172f0000)]
  0x000000001531d800 JavaThread "Reference Handler" daemon [_thread_blocked, id=2336, stack(0x00000000170f0000,0x00000000171f0000)]
  0x0000000002702800 JavaThread "main" [_thread_in_native, id=12068, stack(0x0000000002600000,0x0000000002700000)]

Other Threads:
  0x0000000015318800 VMThread [stack: 0x0000000016ff0000,0x00000000170f0000] [id=9848]
  0x00000000174eb000 WatcherThread [stack: 0x0000000017ef0000,0x0000000017ff0000] [id=12608]

VM state:not at safepoint (normal execution)

VM Mutex/Monitor currently owned by a thread: None

Heap:
 PSYoungGen      total 38400K, used 8848K [0x00000000eab00000, 0x00000000ed580000, 0x0000000100000000)
  eden space 33280K, 11% used [0x00000000eab00000,0x00000000eaea5a80,0x00000000ecb80000)
  from space 5120K, 99% used [0x00000000ecb80000,0x00000000ed07e6e8,0x00000000ed080000)
  to   space 5120K, 0% used [0x00000000ed080000,0x00000000ed080000,0x00000000ed580000)
 ParOldGen       total 87552K, used 2270K [0x00000000c0000000, 0x00000000c5580000, 0x00000000eab00000)
  object space 87552K, 2% used [0x00000000c0000000,0x00000000c0237b18,0x00000000c5580000)
 Metaspace       used 5835K, capacity 6896K, committed 7040K, reserved 1056768K
  class space    used 587K, capacity 616K, committed 640K, reserved 1048576K

Card table byte_map: [0x0000000011bc0000,0x0000000011dd0000] byte_map_base: 0x00000000115c0000

Marking Bits: (ParMarkBitMap*) 0x00000000676ea5b0
 Begin Bits: [0x0000000012730000, 0x0000000013730000)
 End Bits:   [0x0000000013730000, 0x0000000014730000)

Polling page: 0x00000000024b0000

CodeCache: size=245760Kb used=4257Kb max_used=4257Kb free=241502Kb
 bounds [0x0000000002800000, 0x0000000002c30000, 0x0000000011800000]
 total_blobs=1371 nmethods=1107 adapters=177
 compilation: enabled

Compilation events (10 events):
Event: 0.688 Thread 0x0000000017420800 nmethod 1095 0x0000000002c26bd0 code [0x0000000002c26d40, 0x0000000002c27288]
Event: 0.688 Thread 0x0000000017420800 1054       4       com.android.dx.rop.cst.CstBaseMethodRef::compareTo0 (29 bytes)
Event: 0.694 Thread 0x0000000017420800 nmethod 1054 0x0000000002c25250 code [0x0000000002c253e0, 0x0000000002c25b98]
Event: 0.694 Thread 0x0000000017420800 1078       4       com.android.dx.dex.code.CodeAddress::<init> (7 bytes)
Event: 0.694 Thread 0x0000000017420800 nmethod 1078 0x0000000002c27c50 code [0x0000000002c27da0, 0x0000000002c27e58]
Event: 0.694 Thread 0x0000000017420800 1076       4       java.lang.String::getChars (62 bytes)
Event: 0.696 Thread 0x0000000017420800 nmethod 1076 0x0000000002c27810 code [0x0000000002c27960, 0x0000000002c27ad8]
Event: 0.696 Thread 0x0000000017420800 1100       4       com.android.dx.rop.code.Rop::isCommutative (60 bytes)
Event: 0.696 Thread 0x0000000017420800 nmethod 1100 0x0000000002be1690 code [0x0000000002be17c0, 0x0000000002be1858]
Event: 0.696 Thread 0x0000000017420800 1081       4       com.android.dx.ssa.SsaMethod::deleteInsns (239 bytes)

GC Heap History (2 events):
Event: 0.653 GC heap before
{Heap before GC invocations=1 (full 0):
 PSYoungGen      total 38400K, used 33280K [0x00000000eab00000, 0x00000000ed580000, 0x0000000100000000)
  eden space 33280K, 100% used [0x00000000eab00000,0x00000000ecb80000,0x00000000ecb80000)
  from space 5120K, 0% used [0x00000000ed080000,0x00000000ed080000,0x00000000ed580000)
  to   space 5120K, 0% used [0x00000000ecb80000,0x00000000ecb80000,0x00000000ed080000)
 ParOldGen       total 87552K, used 0K [0x00000000c0000000, 0x00000000c5580000, 0x00000000eab00000)
  object space 87552K, 0% used [0x00000000c0000000,0x00000000c0000000,0x00000000c5580000)
 Metaspace       used 5724K, capacity 6832K, committed 7040K, reserved 1056768K
  class space    used 581K, capacity 616K, committed 640K, reserved 1048576K
Event: 0.665 GC heap after
Heap after GC invocations=1 (full 0):
 PSYoungGen      total 38400K, used 5113K [0x00000000eab00000, 0x00000000ed580000, 0x0000000100000000)
  eden space 33280K, 0% used [0x00000000eab00000,0x00000000eab00000,0x00000000ecb80000)
  from space 5120K, 99% used [0x00000000ecb80000,0x00000000ed07e6e8,0x00000000ed080000)
  to   space 5120K, 0% used [0x00000000ed080000,0x00000000ed080000,0x00000000ed580000)
 ParOldGen       total 87552K, used 2270K [0x00000000c0000000, 0x00000000c5580000, 0x00000000eab00000)
  object space 87552K, 2% used [0x00000000c0000000,0x00000000c0237b18,0x00000000c5580000)
 Metaspace       used 5724K, capacity 6832K, committed 7040K, reserved 1056768K
  class space    used 581K, capacity 616K, committed 640K, reserved 1048576K
}

Deoptimization events (10 events):
Event: 0.516 Thread 0x000000001763d000 Uncommon trap: reason=class_check action=maybe_recompile pc=0x0000000002ae99a0 method=com.android.dx.rop.type.Type.equals(Ljava/lang/Object;)Z @ 8
Event: 0.516 Thread 0x000000001763d000 Uncommon trap: reason=class_check action=maybe_recompile pc=0x0000000002ae99a0 method=com.android.dx.rop.type.Type.equals(Ljava/lang/Object;)Z @ 8
Event: 0.524 Thread 0x0000000017655000 Uncommon trap: reason=unstable_if action=reinterpret pc=0x0000000002979e9c method=com.android.dx.rop.cst.Constant.compareTo(Lcom/android/dx/rop/cst/Constant;)I @ 12
Event: 0.527 Thread 0x0000000002702800 Uncommon trap: reason=unloaded action=reinterpret pc=0x0000000002afdc60 method=com.android.dx.cf.cst.ConstantPoolParser.parse0(ILjava/util/BitSet;)Lcom/android/dx/rop/cst/Constant; @ 475
Event: 0.584 Thread 0x0000000017655000 Uncommon trap: reason=null_check action=make_not_entrant pc=0x0000000002b018a0 method=com.android.dx.rop.type.Type.equals(Ljava/lang/Object;)Z @ 8
Event: 0.667 Thread 0x000000001763d000 Uncommon trap: reason=class_check action=maybe_recompile pc=0x0000000002abfd94 method=com.android.dx.ssa.NormalSsaInsn.accept(Lcom/android/dx/ssa/SsaInsn$Visitor;)V @ 9
Event: 0.667 Thread 0x000000001763d000 Uncommon trap: reason=class_check action=maybe_recompile pc=0x0000000002abfd94 method=com.android.dx.ssa.NormalSsaInsn.accept(Lcom/android/dx/ssa/SsaInsn$Visitor;)V @ 9
Event: 0.667 Thread 0x000000001763d000 Uncommon trap: reason=class_check action=maybe_recompile pc=0x0000000002abfd94 method=com.android.dx.ssa.NormalSsaInsn.accept(Lcom/android/dx/ssa/SsaInsn$Visitor;)V @ 9
Event: 0.667 Thread 0x000000001763d000 Uncommon trap: reason=class_check action=maybe_recompile pc=0x0000000002abfd94 method=com.android.dx.ssa.NormalSsaInsn.accept(Lcom/android/dx/ssa/SsaInsn$Visitor;)V @ 9
Event: 0.668 Thread 0x000000001763d000 Uncommon trap: reason=class_check action=maybe_recompile pc=0x0000000002a8de70 method=com.android.dx.ssa.NormalSsaInsn.accept(Lcom/android/dx/ssa/SsaInsn$Visitor;)V @ 9

Internal exceptions (3 events):
Event: 0.061 Thread 0x0000000002702800 Exception <a 'java/lang/NoSuchMethodError': Method sun.misc.Unsafe.defineClass(Ljava/lang/String;[BII)Ljava/lang/Class; name or signature does not match> (0x00000000eab0e250) thrown at [C:\re\workspace\8-2-build-windows-amd64-cygwin\jdk8u60\4407\hotspot\srèÁ∞DnØ?
Event: 0.061 Thread 0x0000000002702800 Exception <a 'java/lang/NoSuchMethodError': Method sun.misc.Unsafe.prefetchRead(Ljava/lang/Object;J)V name or signature does not match> (0x00000000eab0e538) thrown at [C:\re\workspace\8-2-build-windows-amd64-cygwin\jdk8u60\4407\hotspot\src\share\vm\prims\jË{)ÖúØ‚?
Event: 0.584 Thread 0x0000000017655000 Implicit null exception at 0x0000000002b017a2 to 0x0000000002b01892

Events (10 events):
Event: 0.667 Thread 0x000000001763d000 DEOPT PACKING pc=0x0000000002abfd94 sp=0x00000000180ee590
Event: 0.667 Thread 0x000000001763d000 DEOPT UNPACKING pc=0x000000000284582a sp=0x00000000180ee4d0 mode 2
Event: 0.667 Thread 0x0000000017655800 DEOPT PACKING pc=0x0000000002b691f8 sp=0x00000000184eecb0
Event: 0.667 Thread 0x0000000017655800 DEOPT UNPACKING pc=0x000000000284787f sp=0x00000000184eeaa0 mode 0
Event: 0.667 Thread 0x000000001763d000 Uncommon trap: trap_request=0xffffffde fr.pc=0x0000000002abfd94
Event: 0.667 Thread 0x000000001763d000 DEOPT PACKING pc=0x0000000002abfd94 sp=0x00000000180ee8b0
Event: 0.667 Thread 0x000000001763d000 DEOPT UNPACKING pc=0x000000000284582a sp=0x00000000180ee7f0 mode 2
Event: 0.668 Thread 0x000000001763d000 Uncommon trap: trap_request=0xffffffde fr.pc=0x0000000002a8de70
Event: 0.668 Thread 0x000000001763d000 DEOPT PACKING pc=0x0000000002a8de70 sp=0x00000000180ee870
Event: 0.668 Thread 0x000000001763d000 DEOPT UNPACKING pc=0x000000000284582a sp=0x00000000180ee810 mode 2


Dynamic libraries:
0x00007ff70f990000 - 0x00007ff70f9c7000 	C:\Program Files\Java\jdk1.8.0_60\bin\java.exe
0x00007ff93b500000 - 0x00007ff93b6ac000 	C:\WINDOWS\SYSTEM32\ntdll.dll
0x00007ff939650000 - 0x00007ff93978e000 	C:\WINDOWS\system32\KERNEL32.DLL
0x00007ff937700000 - 0x00007ff937815000 	C:\WINDOWS\system32\KERNELBASE.dll
0x00007ff935ef0000 - 0x00007ff935f7e000 	C:\WINDOWS\system32\apphelp.dll
0x00007ff92f800000 - 0x00007ff92f853000 	C:\WINDOWS\AppPatch\AppPatch64\AcGenral.DLL
0x00007ff939bd0000 - 0x00007ff939c7a000 	C:\WINDOWS\system32\msvcrt.dll
0x00007ff937120000 - 0x00007ff93714e000 	C:\WINDOWS\SYSTEM32\SspiCli.dll
0x00007ff939060000 - 0x00007ff9390b4000 	C:\WINDOWS\system32\SHLWAPI.dll
0x00007ff937880000 - 0x00007ff9379f7000 	C:\WINDOWS\system32\USER32.dll
0x00007ff939450000 - 0x00007ff9395e4000 	C:\WINDOWS\system32\ole32.dll
0x00007ff937b10000 - 0x00007ff93903b000 	C:\WINDOWS\system32\SHELL32.dll
0x00007ff936b10000 - 0x00007ff936b31000 	C:\WINDOWS\SYSTEM32\USERENV.dll
0x00007ff939b20000 - 0x00007ff939bca000 	C:\WINDOWS\system32\ADVAPI32.dll
0x00007ff92a7e0000 - 0x00007ff92a7fe000 	C:\WINDOWS\SYSTEM32\MPR.dll
0x00007ff9397b0000 - 0x00007ff9398f1000 	C:\WINDOWS\system32\RPCRT4.dll
0x00007ff939ab0000 - 0x00007ff939b09000 	C:\WINDOWS\SYSTEM32\sechost.dll
0x00007ff9390c0000 - 0x00007ff9392d1000 	C:\WINDOWS\SYSTEM32\combase.dll
0x00007ff939c80000 - 0x00007ff939dd0000 	C:\WINDOWS\system32\GDI32.dll
0x00007ff937350000 - 0x00007ff937365000 	C:\WINDOWS\SYSTEM32\profapi.dll
0x00007ff9359a0000 - 0x00007ff935a52000 	C:\WINDOWS\SYSTEM32\SHCORE.dll
0x00007ff937a00000 - 0x00007ff937a36000 	C:\WINDOWS\system32\IMM32.DLL
0x00007ff9392f0000 - 0x00007ff939442000 	C:\WINDOWS\system32\MSCTF.dll
0x00007ff934fa0000 - 0x00007ff93521b000 	C:\WINDOWS\WinSxS\amd64_microsoft.windows.common-controls_6595b64144ccf1df_6.0.9600.18006_none_623f33d3ecbe86e8\COMCTL32.dll
0x00007ff92d160000 - 0x00007ff92d192000 	C:\Program Files (x86)\AVG\Av\avghooka.dll
0x0000000066a60000 - 0x0000000066b32000 	C:\Program Files\Java\jdk1.8.0_60\jre\bin\msvcr100.dll
0x0000000066ee0000 - 0x0000000067769000 	C:\Program Files\Java\jdk1.8.0_60\jre\bin\server\jvm.dll
0x00007ff93ad30000 - 0x00007ff93ad39000 	C:\WINDOWS\SYSTEM32\WSOCK32.dll
0x00007ff92dae0000 - 0x00007ff92db02000 	C:\WINDOWS\SYSTEM32\WINMM.dll
0x00007ff92f960000 - 0x00007ff92f96a000 	C:\WINDOWS\SYSTEM32\VERSION.dll
0x00007ff9392e0000 - 0x00007ff9392e7000 	C:\WINDOWS\system32\PSAPI.DLL
0x00007ff9395f0000 - 0x00007ff93964a000 	C:\WINDOWS\system32\WS2_32.dll
0x00007ff92dab0000 - 0x00007ff92dada000 	C:\WINDOWS\SYSTEM32\WINMMBASE.dll
0x00007ff939790000 - 0x00007ff939799000 	C:\WINDOWS\system32\NSI.dll
0x00007ff937600000 - 0x00007ff93764f000 	C:\WINDOWS\SYSTEM32\cfgmgr32.dll
0x00007ff936170000 - 0x00007ff936198000 	C:\WINDOWS\SYSTEM32\DEVOBJ.dll
0x0000000066ed0000 - 0x0000000066edf000 	C:\Program Files\Java\jdk1.8.0_60\jre\bin\verify.dll
0x0000000066ea0000 - 0x0000000066ec9000 	C:\Program Files\Java\jdk1.8.0_60\jre\bin\java.dll
0x0000000066e80000 - 0x0000000066e96000 	C:\Program Files\Java\jdk1.8.0_60\jre\bin\zip.dll

VM Arguments:
jvm_args: -Xmx1024M -Dfile.encoding=windows-1252 -Duser.country=ES -Duser.language=es -Duser.variant 
java_command: com.android.dx.command.Main --dex --num-threads=4 --output C:\Users\Antonio\Documents\GitHub\GreenSeed\greenSeedProject\app\build\intermediates\dex\debug C:\Users\Antonio\Documents\GitHub\GreenSeed\greenSeedProject\app\build\intermediates\classes\debug C:\Users\Antonio\Documents\GitHub\GreenSeed\greenSeedProject\app\build\intermediates\pre-dexed\debug\support-annotations-23.1.1-5a222ad927465b3ae8545ed68e7143150402b9d7.jar C:\Users\Antonio\Documents\GitHub\GreenSeed\greenSeedProject\app\build\intermediates\pre-dexed\debug\bolts-applinks-1.4.0-9d4abb4fb1c4f74b46c386026ca2b95d7361e011.jar C:\Users\Antonio\Documents\GitHub\GreenSeed\greenSeedProject\app\build\intermediates\pre-dexed\debug\bolts-tasks-1.4.0-22bd6d336847d37899309981b2392d8146ff5d9e.jar C:\Users\Antonio\Documents\GitHub\GreenSeed\greenSeedProject\app\build\intermediates\pre-dexed\debug\internal_impl-23.1.1-1741393152de62cd25060cdaf172ff91fc104dd3.jar C:\Users\Antonio\Documents\GitHub\GreenSeed\greenSeedProject\app\build\intermediates\pre-dexed\debug\classes-2bb44b2bb9fd2194717dcb3383ee2098d2c19651.jar C:\Users\Antonio\Documents\GitHub\GreenSeed\greenSeedProject\app\build\intermediates\pre-dexed\debug\classes-ddc83b9bde8ef155f8d8de5f6abd31fc31342e3c.jar C:\Users\Antonio\Documents\GitHub\GreenSeed\greenSeedProject\app\build\intermediates\pre-dexed\debug\Parse-1.11.0-ea9e3f9c380d95d1fe5b1b3d72978b1259b284cc.jar C:\Users\Antonio\Documents\GitHub\GreenSeed\greenSeedProject\app\build\intermediates\pre-dexed\debug\classes-ef794f4f3a589d7c61ebf393bf1ccbbc6298ce3d.jar C:\Users\Antonio\Documents\GitHub\GreenSeed\greenSeedProject\app\build\intermediates\pre-dexed\debug\classes-0e7feebe1e6b824f6d07bb5ee133024e992907d8.jar
java_class_path (initial): C:\Users\Antonio\AppData\Local\Android\sdk\build-tools\23.0.2\lib\dx.jar
Launcher Type: SUN_STANDARD

Environment Variables:
PATH=C:\ProgramData\Oracle\Java\javapath;C:\Program Files (x86)\Intel\iCLS Client\;C:\Program Files\Intel\iCLS Client\;C:\WINDOWS\system32;C:\WINDOWS;C:\WINDOWS\System32\Wbem;C:\WINDOWS\System32\WindowsPowerShell\v1.0\;C:\Program Files (x86)\Windows Live\Shared;C:\Program Files\Intel\Intel(R) Management Engine Components\DAL;C:\Program Files\Intel\Intel(R) Management Engine Components\IPT;C:\Program Files (x86)\Intel\Intel(R) Management Engine Components\DAL;C:\Program Files (x86)\Intel\Intel(R) Management Engine Components\IPT;C:\Program Files (x86)\Intel\OpenCL SDK\2.0\bin\x86;C:\Program Files (x86)\Intel\OpenCL SDK\2.0\bin\x64;C:\Program Files\Calibre2\;C:\Program Files\MATLAB\R2010a\runtime\win64;C:\Program Files\MATLAB\R2010a\bin;C:\Program Files (x86)\Windows Kits\8.1\Windows Performance Toolkit\;C:\Program Files\Microsoft SQL Server\110\Tools\Binn\;C:\Program Files\doxygen\bin;C:\Program Files (x86)\Skype\Phone\;C:\Program Files (x86)\Nmap
USERNAME=Alan
OS=Windows_NT
PROCESSOR_IDENTIFIER=Intel64 Family 6 Model 58 Stepping 9, GenuineIntel



---------------  S Y S T E M  ---------------

OS: Windows 8.1 , 64 bit Build 9600 (6.3.9600.17415)

CPU:total 8 (4 cores per cpu, 2 threads per core) family 6 model 58 stepping 9, cmov, cx8, fxsr, mmx, sse, sse2, sse3, ssse3, sse4.1, sse4.2, popcnt, avx, aes, clmul, erms, ht, tsc, tscinvbit, tscinv

Memory: 4k page, physical 8271400k(1082772k free), swap 11417128k(5392k free)

vm_info: Java HotSpot(TM) 64-Bit Server VM (25.60-b23) for windows-amd64 JRE (1.8.0_60-b27), built on Aug  4 2015 11:06:27 by "java_re" with MS VC++ 10.0 (VS2010)

time: Sat Jan 23 22:30:42 2016
elapsed time: 1 seconds (0d 0h 0m 1s)

