#
# There is insufficient memory for the Java Runtime Environment to continue.
# Native memory allocation (malloc) failed to allocate 1048576 bytes for AllocateHeap
# Possible reasons:
#   The system is out of physical RAM or swap space
#   In 32 bit mode, the process size limit was hit
# Possible solutions:
#   Reduce memory load on the system
#   Increase physical memory or swap space
#   Check if swap backing store is full
#   Use 64 bit Java on a 64 bit OS
#   Decrease Java heap size (-Xmx/-Xms)
#   Decrease number of Java threads
#   Decrease Java thread stack sizes (-Xss)
#   Set larger code cache with -XX:ReservedCodeCacheSize=
# This output file may be truncated or incomplete.
#
#  Out of Memory Error (memory/allocation.inline.hpp:61), pid=8444, tid=8100
#
# JRE version:  (8.0_60-b27) (build )
# Java VM: Java HotSpot(TM) 64-Bit Server VM (25.60-b23 mixed mode windows-amd64 compressed oops)
# Failed to write core dump. Minidumps are not enabled by default on client versions of Windows
#

---------------  T H R E A D  ---------------

Current thread (0x0000000002cf2800):  JavaThread "Unknown thread" [_thread_in_vm, id=8100, stack(0x0000000002bf0000,0x0000000002cf0000)]

Stack: [0x0000000002bf0000,0x0000000002cf0000]
[error occurred during error reporting (printing stack bounds), id 0xc0000005]

Native frames: (J=compiled Java code, j=interpreted, Vv=VM code, C=native code)


---------------  P R O C E S S  ---------------

Java Threads: ( => current thread )

Other Threads:

=>0x0000000002cf2800 (exited) JavaThread "Unknown thread" [_thread_in_vm, id=8100, stack(0x0000000002bf0000,0x0000000002cf0000)]

VM state:not at safepoint (normal execution)

VM Mutex/Monitor currently owned by a thread: None

Heap:
 PSYoungGen      total 38400K, used 665K [0x00000000eab00000, 0x00000000ed580000, 0x0000000100000000)
  eden space 33280K, 2% used [0x00000000eab00000,0x00000000eaba6670,0x00000000ecb80000)
  from space 5120K, 0% used [0x00000000ed080000,0x00000000ed080000,0x00000000ed580000)
  to   space 5120K, 0% used [0x00000000ecb80000,0x00000000ecb80000,0x00000000ed080000)
 ParOldGen       total 87552K, used 0K [0x00000000c0000000, 0x00000000c5580000, 0x00000000eab00000)
  object space 87552K, 0% used [0x00000000c0000000,0x00000000c0000000,0x00000000c5580000)
 Metaspace       used 767K, capacity 4480K, committed 4480K, reserved 1056768K
  class space    used 75K, capacity 384K, committed 384K, reserved 1048576K

Card table byte_map: [0x00000000121b0000,0x00000000123c0000] byte_map_base: 0x0000000011bb0000

Marking Bits: (ParMarkBitMap*) 0x00000000676ea5b0
 Begin Bits: [0x0000000012d20000, 0x0000000013d20000)
 End Bits:   [0x0000000013d20000, 0x0000000014d20000)

Polling page: 0x00000000011c0000

CodeCache: size=245760Kb used=328Kb max_used=328Kb free=245431Kb
 bounds [0x0000000002df0000, 0x0000000003060000, 0x0000000011df0000]
 total_blobs=57 nmethods=0 adapters=37
 compilation: enabled

Compilation events (0 events):
No events

GC Heap History (0 events):
No events

Deoptimization events (0 events):
No events

Internal exceptions (0 events):
No events

Events (10 events):
Event: 0.026 loading class java/lang/Short
Event: 0.026 loading class java/lang/Short done
Event: 0.026 loading class java/lang/Integer
Event: 0.026 loading class java/lang/Integer done
Event: 0.026 loading class java/lang/Long
Event: 0.026 loading class java/lang/Long done
Event: 0.027 loading class java/lang/NullPointerException
Event: 0.027 loading class java/lang/NullPointerException done
Event: 0.027 loading class java/lang/ArithmeticException
Event: 0.027 loading class java/lang/ArithmeticException done


Dynamic libraries:
0x00007ff70f990000 - 0x00007ff70f9c7000 	C:\Program Files\Java\jdk1.8.0_60\bin\java.exe
0x00007ff93b500000 - 0x00007ff93b6ac000 	C:\WINDOWS\SYSTEM32\ntdll.dll
0x00007ff939650000 - 0x00007ff93978e000 	C:\WINDOWS\system32\KERNEL32.DLL
0x00007ff937700000 - 0x00007ff937815000 	C:\WINDOWS\system32\KERNELBASE.dll
0x00007ff935ef0000 - 0x00007ff935f7e000 	C:\WINDOWS\system32\apphelp.dll
0x00007ff92f800000 - 0x00007ff92f853000 	C:\WINDOWS\AppPatch\AppPatch64\AcGenral.DLL
0x00007ff939bd0000 - 0x00007ff939c7a000 	C:\WINDOWS\system32\msvcrt.dll
0x00007ff937120000 - 0x00007ff93714e000 	C:\WINDOWS\SYSTEM32\SspiCli.dll
0x00007ff939060000 - 0x00007ff9390b4000 	C:\WINDOWS\system32\SHLWAPI.dll
0x00007ff937880000 - 0x00007ff9379f7000 	C:\WINDOWS\system32\USER32.dll
0x00007ff939450000 - 0x00007ff9395e4000 	C:\WINDOWS\system32\ole32.dll
0x00007ff937b10000 - 0x00007ff93903b000 	C:\WINDOWS\system32\SHELL32.dll
0x00007ff936b10000 - 0x00007ff936b31000 	C:\WINDOWS\SYSTEM32\USERENV.dll
0x00007ff939b20000 - 0x00007ff939bca000 	C:\WINDOWS\system32\ADVAPI32.dll
0x00007ff92a7e0000 - 0x00007ff92a7fe000 	C:\WINDOWS\SYSTEM32\MPR.dll
0x00007ff9397b0000 - 0x00007ff9398f1000 	C:\WINDOWS\system32\RPCRT4.dll
0x00007ff939ab0000 - 0x00007ff939b09000 	C:\WINDOWS\SYSTEM32\sechost.dll
0x00007ff9390c0000 - 0x00007ff9392d1000 	C:\WINDOWS\SYSTEM32\combase.dll
0x00007ff939c80000 - 0x00007ff939dd0000 	C:\WINDOWS\system32\GDI32.dll
0x00007ff937350000 - 0x00007ff937365000 	C:\WINDOWS\SYSTEM32\profapi.dll
0x00007ff9359a0000 - 0x00007ff935a52000 	C:\WINDOWS\SYSTEM32\SHCORE.dll
0x00007ff937a00000 - 0x00007ff937a36000 	C:\WINDOWS\system32\IMM32.DLL
0x00007ff9392f0000 - 0x00007ff939442000 	C:\WINDOWS\system32\MSCTF.dll
0x00007ff934fa0000 - 0x00007ff93521b000 	C:\WINDOWS\WinSxS\amd64_microsoft.windows.common-controls_6595b64144ccf1df_6.0.9600.18006_none_623f33d3ecbe86e8\COMCTL32.dll
0x00007ff92d160000 - 0x00007ff92d192000 	C:\Program Files (x86)\AVG\Av\avghooka.dll
0x0000000066a60000 - 0x0000000066b32000 	C:\Program Files\Java\jdk1.8.0_60\jre\bin\msvcr100.dll
0x0000000066ee0000 - 0x0000000067769000 	C:\Program Files\Java\jdk1.8.0_60\jre\bin\server\jvm.dll
0x00007ff93ad30000 - 0x00007ff93ad39000 	C:\WINDOWS\SYSTEM32\WSOCK32.dll
0x00007ff92dae0000 - 0x00007ff92db02000 	C:\WINDOWS\SYSTEM32\WINMM.dll
0x00007ff92f960000 - 0x00007ff92f96a000 	C:\WINDOWS\SYSTEM32\VERSION.dll
0x00007ff9392e0000 - 0x00007ff9392e7000 	C:\WINDOWS\system32\PSAPI.DLL
0x00007ff9395f0000 - 0x00007ff93964a000 	C:\WINDOWS\system32\WS2_32.dll
0x00007ff92dab0000 - 0x00007ff92dada000 	C:\WINDOWS\SYSTEM32\WINMMBASE.dll
0x00007ff939790000 - 0x00007ff939799000 	C:\WINDOWS\system32\NSI.dll
0x00007ff937600000 - 0x00007ff93764f000 	C:\WINDOWS\SYSTEM32\cfgmgr32.dll
0x00007ff936170000 - 0x00007ff936198000 	C:\WINDOWS\SYSTEM32\DEVOBJ.dll
0x0000000066ed0000 - 0x0000000066edf000 	C:\Program Files\Java\jdk1.8.0_60\jre\bin\verify.dll
0x0000000066ea0000 - 0x0000000066ec9000 	C:\Program Files\Java\jdk1.8.0_60\jre\bin\java.dll
0x0000000066e80000 - 0x0000000066e96000 	C:\Program Files\Java\jdk1.8.0_60\jre\bin\zip.dll

VM Arguments:
jvm_args: -Xmx1024M -Dfile.encoding=windows-1252 -Duser.country=ES -Duser.language=es -Duser.variant 
java_command: com.android.dx.command.Main --dex --num-threads=4 --output C:\Users\Antonio\Documents\GitHub\GreenSeed\greenSeedProject\app\build\intermediates\dex\debug C:\Users\Antonio\Documents\GitHub\GreenSeed\greenSeedProject\app\build\intermediates\classes\debug C:\Users\Antonio\Documents\GitHub\GreenSeed\greenSeedProject\app\build\intermediates\pre-dexed\debug\support-annotations-23.1.1-5a222ad927465b3ae8545ed68e7143150402b9d7.jar C:\Users\Antonio\Documents\GitHub\GreenSeed\greenSeedProject\app\build\intermediates\pre-dexed\debug\bolts-applinks-1.4.0-9d4abb4fb1c4f74b46c386026ca2b95d7361e011.jar C:\Users\Antonio\Documents\GitHub\GreenSeed\greenSeedProject\app\build\intermediates\pre-dexed\debug\bolts-tasks-1.4.0-22bd6d336847d37899309981b2392d8146ff5d9e.jar C:\Users\Antonio\Documents\GitHub\GreenSeed\greenSeedProject\app\build\intermediates\pre-dexed\debug\internal_impl-23.1.1-1741393152de62cd25060cdaf172ff91fc104dd3.jar C:\Users\Antonio\Documents\GitHub\GreenSeed\greenSeedProject\app\build\intermediates\pre-dexed\debug\classes-2bb44b2bb9fd2194717dcb3383ee2098d2c19651.jar C:\Users\Antonio\Documents\GitHub\GreenSeed\greenSeedProject\app\build\intermediates\pre-dexed\debug\classes-ddc83b9bde8ef155f8d8de5f6abd31fc31342e3c.jar C:\Users\Antonio\Documents\GitHub\GreenSeed\greenSeedProject\app\build\intermediates\pre-dexed\debug\Parse-1.11.0-ea9e3f9c380d95d1fe5b1b3d72978b1259b284cc.jar C:\Users\Antonio\Documents\GitHub\GreenSeed\greenSeedProject\app\build\intermediates\pre-dexed\debug\classes-ef794f4f3a589d7c61ebf393bf1ccbbc6298ce3d.jar C:\Users\Antonio\Documents\GitHub\GreenSeed\greenSeedProject\app\build\intermediates\pre-dexed\debug\classes-0e7feebe1e6b824f6d07bb5ee133024e992907d8.jar
java_class_path (initial): C:\Users\Antonio\AppData\Local\Android\sdk\build-tools\23.0.2\lib\dx.jar
Launcher Type: SUN_STANDARD

Environment Variables:
PATH=C:\ProgramData\Oracle\Java\javapath;C:\Program Files (x86)\Intel\iCLS Client\;C:\Program Files\Intel\iCLS Client\;C:\WINDOWS\system32;C:\WINDOWS;C:\WINDOWS\System32\Wbem;C:\WINDOWS\System32\WindowsPowerShell\v1.0\;C:\Program Files (x86)\Windows Live\Shared;C:\Program Files\Intel\Intel(R) Management Engine Components\DAL;C:\Program Files\Intel\Intel(R) Management Engine Components\IPT;C:\Program Files (x86)\Intel\Intel(R) Management Engine Components\DAL;C:\Program Files (x86)\Intel\Intel(R) Management Engine Components\IPT;C:\Program Files (x86)\Intel\OpenCL SDK\2.0\bin\x86;C:\Program Files (x86)\Intel\OpenCL SDK\2.0\bin\x64;C:\Program Files\Calibre2\;C:\Program Files\MATLAB\R2010a\runtime\win64;C:\Program Files\MATLAB\R2010a\bin;C:\Program Files (x86)\Windows Kits\8.1\Windows Performance Toolkit\;C:\Program Files\Microsoft SQL Server\110\Tools\Binn\;C:\Program Files\doxygen\bin;C:\Program Files (x86)\Skype\Phone\;C:\Program Files (x86)\Nmap
USERNAME=Alan
OS=Windows_NT
PROCESSOR_IDENTIFIER=Intel64 Family 6 Model 58 Stepping 9, GenuineIntel



---------------  S Y S T E M  ---------------

OS: Windows 8.1 , 64 bit Build 9600 (6.3.9600.17415)

CPU:total 8 (4 cores per cpu, 2 threads per core) family 6 model 58 stepping 9, cmov, cx8, fxsr, mmx, sse, sse2, sse3, ssse3, sse4.1, sse4.2, popcnt, avx, aes, clmul, erms, ht, tsc, tscinvbit, tscinv

Memory: 4k page, physical 8271400k(1191964k free), swap 11417128k(5688k free)

vm_info: Java HotSpot(TM) 64-Bit Server VM (25.60-b23) for windows-amd64 JRE (1.8.0_60-b27), built on Aug  4 2015 11:06:27 by "java_re" with MS VC++ 10.0 (VS2010)

time: Sat Jan 23 22:33:16 2016
elapsed time: 0 seconds (0d 0h 0m 0s)

