#
# There is insufficient memory for the Java Runtime Environment to continue.
# Native memory allocation (malloc) failed to allocate 854336 bytes for Chunk::new
# Possible reasons:
#   The system is out of physical RAM or swap space
#   In 32 bit mode, the process size limit was hit
# Possible solutions:
#   Reduce memory load on the system
#   Increase physical memory or swap space
#   Check if swap backing store is full
#   Use 64 bit Java on a 64 bit OS
#   Decrease Java heap size (-Xmx/-Xms)
#   Decrease number of Java threads
#   Decrease Java thread stack sizes (-Xss)
#   Set larger code cache with -XX:ReservedCodeCacheSize=
# This output file may be truncated or incomplete.
#
#  Out of Memory Error (allocation.cpp:390), pid=14868, tid=5156
#
# JRE version: Java(TM) SE Runtime Environment (8.0_60-b27) (build 1.8.0_60-b27)
# Java VM: Java HotSpot(TM) 64-Bit Server VM (25.60-b23 mixed mode windows-amd64 compressed oops)
# Failed to write core dump. Minidumps are not enabled by default on client versions of Windows
#

---------------  T H R E A D  ---------------

Current thread (0x0000000017c0d800):  JavaThread "C2 CompilerThread2" daemon [_thread_in_native, id=5156, stack(0x0000000018390000,0x0000000018490000)]

Stack: [0x0000000018390000,0x0000000018490000]
[error occurred during error reporting (printing stack bounds), id 0xc0000005]

Native frames: (J=compiled Java code, j=interpreted, Vv=VM code, C=native code)


Current CompileTask:
C2:   3862 1352       4       com.android.dx.ssa.SCCP::simulateStmt (481 bytes)


---------------  P R O C E S S  ---------------

Java Threads: ( => current thread )
  0x0000000017f13000 JavaThread "pool-1-thread-4" [_thread_in_Java, id=16024, stack(0x0000000019390000,0x0000000019490000)]
  0x0000000017ec6000 JavaThread "pool-1-thread-3" [_thread_in_vm, id=7960, stack(0x0000000019290000,0x0000000019390000)]
  0x0000000017ec5000 JavaThread "pool-1-thread-2" [_thread_in_Java, id=1348, stack(0x0000000019190000,0x0000000019290000)]
  0x0000000017ec2800 JavaThread "pool-2-thread-1" [_thread_blocked, id=14004, stack(0x0000000019090000,0x0000000019190000)]
  0x0000000017ebf800 JavaThread "pool-1-thread-1" [_thread_in_Java, id=13332, stack(0x0000000018f90000,0x0000000019090000)]
  0x0000000017c39800 JavaThread "Service Thread" daemon [_thread_blocked, id=13336, stack(0x0000000018590000,0x0000000018690000)]
  0x0000000017c1c800 JavaThread "C1 CompilerThread3" daemon [_thread_in_native, id=14740, stack(0x0000000018490000,0x0000000018590000)]
=>0x0000000017c0d800 JavaThread "C2 CompilerThread2" daemon [_thread_in_native, id=5156, stack(0x0000000018390000,0x0000000018490000)]
  0x0000000017c09000 JavaThread "C2 CompilerThread1" daemon [_thread_in_native, id=16368, stack(0x0000000018290000,0x0000000018390000)]
  0x0000000017bb8000 JavaThread "C2 CompilerThread0" daemon [_thread_in_native, id=8384, stack(0x0000000018190000,0x0000000018290000)]
  0x0000000017bb5000 JavaThread "Attach Listener" daemon [_thread_blocked, id=18888, stack(0x0000000018090000,0x0000000018190000)]
  0x0000000015ace800 JavaThread "Signal Dispatcher" daemon [_thread_blocked, id=8688, stack(0x0000000017f90000,0x0000000018090000)]
  0x0000000002f99800 JavaThread "Finalizer" daemon [_thread_blocked, id=19176, stack(0x0000000017990000,0x0000000017a90000)]
  0x0000000002f93000 JavaThread "Reference Handler" daemon [_thread_blocked, id=16324, stack(0x0000000017890000,0x0000000017990000)]
  0x0000000002d9e000 JavaThread "main" [_thread_in_native, id=16548, stack(0x0000000002da0000,0x0000000002ea0000)]

Other Threads:
  0x0000000015ab9000 VMThread [stack: 0x0000000017790000,0x0000000017890000] [id=16224]
  0x0000000017c55000 WatcherThread [stack: 0x0000000018690000,0x0000000018790000] [id=17140]

VM state:not at safepoint (normal execution)

VM Mutex/Monitor currently owned by a thread: None

Heap:
 PSYoungGen      total 38400K, used 30794K [0x00000000eab00000, 0x00000000ed580000, 0x0000000100000000)
  eden space 33280K, 77% used [0x00000000eab00000,0x00000000ec4147c8,0x00000000ecb80000)
  from space 5120K, 99% used [0x00000000ecb80000,0x00000000ed07e100,0x00000000ed080000)
  to   space 5120K, 0% used [0x00000000ed080000,0x00000000ed080000,0x00000000ed580000)
 ParOldGen       total 87552K, used 1012K [0x00000000c0000000, 0x00000000c5580000, 0x00000000eab00000)
  object space 87552K, 1% used [0x00000000c0000000,0x00000000c00fd078,0x00000000c5580000)
 Metaspace       used 6137K, capacity 7024K, committed 7296K, reserved 1056768K
  class space    used 599K, capacity 616K, committed 640K, reserved 1048576K

Card table byte_map: [0x0000000012360000,0x0000000012570000] byte_map_base: 0x0000000011d60000

Marking Bits: (ParMarkBitMap*) 0x00000000676ea5b0
 Begin Bits: [0x0000000012ed0000, 0x0000000013ed0000)
 End Bits:   [0x0000000013ed0000, 0x0000000014ed0000)

Polling page: 0x0000000002cf0000

CodeCache: size=245760Kb used=5746Kb max_used=5746Kb free=240013Kb
 bounds [0x0000000002fa0000, 0x0000000003550000, 0x0000000011fa0000]
 total_blobs=1684 nmethods=1414 adapters=182
 compilation: enabled

Compilation events (10 events):
Event: 3.792 Thread 0x0000000017c1c800 nmethod 1416 0x0000000003520890 code [0x0000000003520a00, 0x0000000003520c28]
Event: 3.793 Thread 0x0000000017c1c800 1417       3       com.android.dx.ssa.back.SsaToRop::convert (99 bytes)
Event: 3.797 Thread 0x0000000017c1c800 nmethod 1417 0x0000000003520d10 code [0x0000000003520fc0, 0x00000000035222f8]
Event: 3.797 Thread 0x0000000017c1c800 1418       3       com.android.dx.ssa.back.RegisterAllocator::<init> (15 bytes)
Event: 3.798 Thread 0x0000000017c1c800 nmethod 1418 0x0000000003522e10 code [0x0000000003522f60, 0x0000000003523130]
Event: 3.798 Thread 0x0000000017c1c800 1419       3       com.android.dx.ssa.InterferenceRegisterMapper::<init> (22 bytes)
Event: 3.799 Thread 0x0000000017c1c800 nmethod 1419 0x00000000035231d0 code [0x0000000003523380, 0x00000000035238c8]
Event: 3.799 Thread 0x0000000017c1c800 1420       3       com.android.dx.ssa.back.FirstFitLocalCombiningAllocator::analyzeInstructions (16 bytes)
Event: 3.799 Thread 0x0000000017c1c800 nmethod 1420 0x0000000003523b90 code [0x0000000003523d00, 0x0000000003524048]
Event: 3.800 Thread 0x0000000017c1c800 1421       3       com.android.dx.ssa.back.FirstFitLocalCombiningAllocator::handleLocalAssociatedParams (132 bytes)

GC Heap History (2 events):
Event: 2.587 GC heap before
{Heap before GC invocations=1 (full 0):
 PSYoungGen      total 38400K, used 33280K [0x00000000eab00000, 0x00000000ed580000, 0x0000000100000000)
  eden space 33280K, 100% used [0x00000000eab00000,0x00000000ecb80000,0x00000000ecb80000)
  from space 5120K, 0% used [0x00000000ed080000,0x00000000ed080000,0x00000000ed580000)
  to   space 5120K, 0% used [0x00000000ecb80000,0x00000000ecb80000,0x00000000ed080000)
 ParOldGen       total 87552K, used 0K [0x00000000c0000000, 0x00000000c5580000, 0x00000000eab00000)
  object space 87552K, 0% used [0x00000000c0000000,0x00000000c0000000,0x00000000c5580000)
 Metaspace       used 5955K, capacity 6896K, committed 7040K, reserved 1056768K
  class space    used 596K, capacity 616K, committed 640K, reserved 1048576K
Event: 2.686 GC heap after
Heap after GC invocations=1 (full 0):
 PSYoungGen      total 38400K, used 5112K [0x00000000eab00000, 0x00000000ed580000, 0x0000000100000000)
  eden space 33280K, 0% used [0x00000000eab00000,0x00000000eab00000,0x00000000ecb80000)
  from space 5120K, 99% used [0x00000000ecb80000,0x00000000ed07e100,0x00000000ed080000)
  to   space 5120K, 0% used [0x00000000ed080000,0x00000000ed080000,0x00000000ed580000)
 ParOldGen       total 87552K, used 1012K [0x00000000c0000000, 0x00000000c5580000, 0x00000000eab00000)
  object space 87552K, 1% used [0x00000000c0000000,0x00000000c00fd078,0x00000000c5580000)
 Metaspace       used 5955K, capacity 6896K, committed 7040K, reserved 1056768K
  class space    used 596K, capacity 616K, committed 640K, reserved 1048576K
}

Deoptimization events (10 events):
Event: 2.796 Thread 0x0000000017ec5000 Uncommon trap: reason=unstable_if action=reinterpret pc=0x00000000033626ec method=com.android.dx.rop.code.RegisterSpecSet.put(Lcom/android/dx/rop/code/RegisterSpec;)V @ 77
Event: 3.192 Thread 0x0000000017ebf800 Uncommon trap: reason=unstable_if action=reinterpret pc=0x00000000033d1a7c method=com.android.dx.util.IntList.binarysearch(I)I @ 105
Event: 3.198 Thread 0x0000000017ebf800 Uncommon trap: reason=unstable_if action=reinterpret pc=0x00000000033fef4c method=com.android.dx.ssa.MoveParamCombiner$1.visitNonMoveInsn(Lcom/android/dx/ssa/NormalSsaInsn;)V @ 27
Event: 3.213 Thread 0x0000000002d9e000 Uncommon trap: reason=unloaded action=reinterpret pc=0x00000000034111ac method=com.android.dx.cf.cst.ConstantPoolParser.parse0(ILjava/util/BitSet;)Lcom/android/dx/rop/cst/Constant; @ 198
Event: 3.300 Thread 0x0000000002d9e000 Uncommon trap: reason=unstable_if action=reinterpret pc=0x000000000346c854 method=com.android.dx.rop.code.DexTranslationAdvice.requiresSourcesInOrder(Lcom/android/dx/rop/code/Rop;Lcom/android/dx/rop/code/RegisterSpecList;)Z @ 21
Event: 3.314 Thread 0x0000000002d9e000 Uncommon trap: reason=class_check action=maybe_recompile pc=0x000000000332a3e0 method=com.android.dx.ssa.NormalSsaInsn.accept(Lcom/android/dx/ssa/SsaInsn$Visitor;)V @ 9
Event: 3.314 Thread 0x0000000002d9e000 Uncommon trap: reason=class_check action=maybe_recompile pc=0x00000000031d1270 method=com.android.dx.ssa.NormalSsaInsn.accept(Lcom/android/dx/ssa/SsaInsn$Visitor;)V @ 9
Event: 3.370 Thread 0x0000000017ebf800 Uncommon trap: reason=class_check action=maybe_recompile pc=0x000000000332a3e0 method=com.android.dx.ssa.NormalSsaInsn.accept(Lcom/android/dx/ssa/SsaInsn$Visitor;)V @ 9
Event: 3.370 Thread 0x0000000017ebf800 Uncommon trap: reason=class_check action=maybe_recompile pc=0x00000000031d1270 method=com.android.dx.ssa.NormalSsaInsn.accept(Lcom/android/dx/ssa/SsaInsn$Visitor;)V @ 9
Event: 3.702 Thread 0x0000000017f13000 Uncommon trap: reason=unstable_if action=reinterpret pc=0x000000000343bb74 method=com.android.dx.ssa.SsaRenamer$BlockRenamer.addMapping(ILcom/android/dx/rop/code/RegisterSpec;)V @ 120

Internal exceptions (3 events):
Event: 0.121 Thread 0x0000000002d9e000 Exception <a 'java/lang/NoSuchMethodError': Method sun.misc.Unsafe.defineClass(Ljava/lang/String;[BII)Ljava/lang/Class; name or signature does not match> (0x00000000eab0d5d8) thrown at [C:\re\workspace\8-2-build-windows-amd64-cygwin\jdk8u60\4407\hotspot\sr\]ÄôWø¾?
Event: 0.121 Thread 0x0000000002d9e000 Exception <a 'java/lang/NoSuchMethodError': Method sun.misc.Unsafe.prefetchRead(Ljava/lang/Object;J)V name or signature does not match> (0x00000000eab0d8c0) thrown at [C:\re\workspace\8-2-build-windows-amd64-cygwin\jdk8u60\4407\hotspot\src\share\vm\prims\jÊˆU›¾j
Event: 2.052 Thread 0x0000000017ebf800 Implicit null exception at 0x0000000003250215 to 0x0000000003251af1

Events (10 events):
Event: 3.370 Thread 0x0000000017ebf800 Uncommon trap: trap_request=0xffffffde fr.pc=0x00000000031d1270
Event: 3.370 Thread 0x0000000017ebf800 DEOPT PACKING pc=0x00000000031d1270 sp=0x000000001908e7f0
Event: 3.370 Thread 0x0000000017ebf800 DEOPT UNPACKING pc=0x0000000002fe582a sp=0x000000001908e790 mode 2
Event: 3.702 Thread 0x0000000017f13000 Uncommon trap: trap_request=0xffffff65 fr.pc=0x000000000343bb74
Event: 3.702 Thread 0x0000000017f13000 DEOPT PACKING pc=0x000000000343bb74 sp=0x000000001948ea20
Event: 3.702 Thread 0x0000000017f13000 DEOPT UNPACKING pc=0x0000000002fe582a sp=0x000000001948e8e0 mode 2
Event: 3.712 loading class com/android/dx/cf/attrib/AttDeprecated
Event: 3.712 loading class com/android/dx/cf/attrib/AttDeprecated done
Event: 3.720 loading class com/android/dx/cf/attrib/AttRuntimeInvisibleAnnotations
Event: 3.720 loading class com/android/dx/cf/attrib/AttRuntimeInvisibleAnnotations done


Dynamic libraries:
0x00007ff73cb20000 - 0x00007ff73cb57000 	C:\Program Files\Java\jdk1.8.0_60\bin\java.exe
0x00007ff93b500000 - 0x00007ff93b6ac000 	C:\WINDOWS\SYSTEM32\ntdll.dll
0x00007ff939650000 - 0x00007ff93978e000 	C:\WINDOWS\system32\KERNEL32.DLL
0x00007ff937700000 - 0x00007ff937815000 	C:\WINDOWS\system32\KERNELBASE.dll
0x00007ff935ef0000 - 0x00007ff935f7e000 	C:\WINDOWS\system32\apphelp.dll
0x00007ff9286f0000 - 0x00007ff928743000 	C:\WINDOWS\AppPatch\AppPatch64\AcGenral.DLL
0x00007ff939bd0000 - 0x00007ff939c7a000 	C:\WINDOWS\system32\msvcrt.dll
0x00007ff937120000 - 0x00007ff93714e000 	C:\WINDOWS\SYSTEM32\SspiCli.dll
0x00007ff939060000 - 0x00007ff9390b4000 	C:\WINDOWS\system32\SHLWAPI.dll
0x00007ff937880000 - 0x00007ff9379f7000 	C:\WINDOWS\system32\USER32.dll
0x00007ff939450000 - 0x00007ff9395e4000 	C:\WINDOWS\system32\ole32.dll
0x00007ff937b10000 - 0x00007ff93903b000 	C:\WINDOWS\system32\SHELL32.dll
0x00007ff936b10000 - 0x00007ff936b31000 	C:\WINDOWS\SYSTEM32\USERENV.dll
0x00007ff939b20000 - 0x00007ff939bca000 	C:\WINDOWS\system32\ADVAPI32.dll
0x00007ff92a7e0000 - 0x00007ff92a7fe000 	C:\WINDOWS\SYSTEM32\MPR.dll
0x00007ff9397b0000 - 0x00007ff9398f1000 	C:\WINDOWS\system32\RPCRT4.dll
0x00007ff939ab0000 - 0x00007ff939b09000 	C:\WINDOWS\SYSTEM32\sechost.dll
0x00007ff9390c0000 - 0x00007ff9392d1000 	C:\WINDOWS\SYSTEM32\combase.dll
0x00007ff939c80000 - 0x00007ff939dd0000 	C:\WINDOWS\system32\GDI32.dll
0x00007ff937350000 - 0x00007ff937365000 	C:\WINDOWS\SYSTEM32\profapi.dll
0x00007ff9359a0000 - 0x00007ff935a52000 	C:\WINDOWS\SYSTEM32\SHCORE.dll
0x00007ff937a00000 - 0x00007ff937a36000 	C:\WINDOWS\system32\IMM32.DLL
0x00007ff9392f0000 - 0x00007ff939442000 	C:\WINDOWS\system32\MSCTF.dll
0x00007ff934fa0000 - 0x00007ff93521b000 	C:\WINDOWS\WinSxS\amd64_microsoft.windows.common-controls_6595b64144ccf1df_6.0.9600.18006_none_623f33d3ecbe86e8\COMCTL32.dll
0x00007ff92d160000 - 0x00007ff92d192000 	C:\Program Files (x86)\AVG\Av\avghooka.dll
0x0000000066a40000 - 0x0000000066b12000 	C:\Program Files\Java\jdk1.8.0_60\jre\bin\msvcr100.dll
0x0000000066ee0000 - 0x0000000067769000 	C:\Program Files\Java\jdk1.8.0_60\jre\bin\server\jvm.dll
0x00007ff933e20000 - 0x00007ff933e29000 	C:\WINDOWS\SYSTEM32\WSOCK32.dll
0x00007ff92dae0000 - 0x00007ff92db02000 	C:\WINDOWS\SYSTEM32\WINMM.dll
0x00007ff92f960000 - 0x00007ff92f96a000 	C:\WINDOWS\SYSTEM32\VERSION.dll
0x00007ff9392e0000 - 0x00007ff9392e7000 	C:\WINDOWS\system32\PSAPI.DLL
0x00007ff9395f0000 - 0x00007ff93964a000 	C:\WINDOWS\system32\WS2_32.dll
0x00007ff92dab0000 - 0x00007ff92dada000 	C:\WINDOWS\SYSTEM32\WINMMBASE.dll
0x00007ff939790000 - 0x00007ff939799000 	C:\WINDOWS\system32\NSI.dll
0x00007ff937600000 - 0x00007ff93764f000 	C:\WINDOWS\SYSTEM32\cfgmgr32.dll
0x00007ff936170000 - 0x00007ff936198000 	C:\WINDOWS\SYSTEM32\DEVOBJ.dll
0x0000000067e50000 - 0x0000000067e5f000 	C:\Program Files\Java\jdk1.8.0_60\jre\bin\verify.dll
0x0000000067e20000 - 0x0000000067e49000 	C:\Program Files\Java\jdk1.8.0_60\jre\bin\java.dll
0x0000000067e00000 - 0x0000000067e16000 	C:\Program Files\Java\jdk1.8.0_60\jre\bin\zip.dll

VM Arguments:
jvm_args: -Xmx1024M -Dfile.encoding=windows-1252 -Duser.country=ES -Duser.language=es -Duser.variant 
java_command: com.android.dx.command.Main --dex --num-threads=4 --output C:\Users\Antonio\Documents\GitHub\GreenSeed\app\build\intermediates\pre-dexed\debug\Parse-1.11.0-d4dac57c824f90caf110a9718050c301c7989cca.jar C:\Users\Antonio\Documents\GitHub\GreenSeed\Parse-1.11.0\Parse-1.11.0.jar
java_class_path (initial): C:\Users\Antonio\AppData\Local\Android\sdk\build-tools\23.0.2\lib\dx.jar
Launcher Type: SUN_STANDARD

Environment Variables:
PATH=C:\ProgramData\Oracle\Java\javapath;C:\Program Files (x86)\Intel\iCLS Client\;C:\Program Files\Intel\iCLS Client\;C:\WINDOWS\system32;C:\WINDOWS;C:\WINDOWS\System32\Wbem;C:\WINDOWS\System32\WindowsPowerShell\v1.0\;C:\Program Files (x86)\Windows Live\Shared;C:\Program Files\Intel\Intel(R) Management Engine Components\DAL;C:\Program Files\Intel\Intel(R) Management Engine Components\IPT;C:\Program Files (x86)\Intel\Intel(R) Management Engine Components\DAL;C:\Program Files (x86)\Intel\Intel(R) Management Engine Components\IPT;C:\Program Files (x86)\Intel\OpenCL SDK\2.0\bin\x86;C:\Program Files (x86)\Intel\OpenCL SDK\2.0\bin\x64;C:\Program Files\Calibre2\;C:\Program Files\MATLAB\R2010a\runtime\win64;C:\Program Files\MATLAB\R2010a\bin;C:\Program Files (x86)\Windows Kits\8.1\Windows Performance Toolkit\;C:\Program Files\Microsoft SQL Server\110\Tools\Binn\;C:\Program Files\doxygen\bin;C:\Program Files (x86)\Skype\Phone\;C:\Program Files (x86)\Nmap
USERNAME=Alan
OS=Windows_NT
PROCESSOR_IDENTIFIER=Intel64 Family 6 Model 58 Stepping 9, GenuineIntel



---------------  S Y S T E M  ---------------

OS: Windows 8.1 , 64 bit Build 9600 (6.3.9600.17415)

CPU:total 8 (4 cores per cpu, 2 threads per core) family 6 model 58 stepping 9, cmov, cx8, fxsr, mmx, sse, sse2, sse3, ssse3, sse4.1, sse4.2, popcnt, avx, aes, clmul, erms, ht, tsc, tscinvbit, tscinv

Memory: 4k page, physical 8271400k(877180k free), swap 11417128k(5304k free)

vm_info: Java HotSpot(TM) 64-Bit Server VM (25.60-b23) for windows-amd64 JRE (1.8.0_60-b27), built on Aug  4 2015 11:06:27 by "java_re" with MS VC++ 10.0 (VS2010)

time: Tue Jan 26 00:42:19 2016
elapsed time: 3 seconds (0d 0h 0m 3s)

